[21:55:14] [main/INFO]: Setting user: 69bp69
[21:55:16] [Client thread/INFO]: LWJGL Version: 2.9.1
[21:55:23] [Client thread/INFO]: Reloading ResourceManager: Default, FMLFileResourcePack:Forge Mod Loader, FMLFileResourcePack:Minecraft Forge, FMLFileResourcePack:ArmorStatusHUD, FMLFileResourcePack:bspkrsCore, FMLFileResourcePack:DirectionHUD, FMLFileResourcePack:StatusEffectHUD, FMLFileResourcePack:ToggleSneak, ddd
[21:55:23] [Sound Library Loader/INFO]: Sound engine started
[21:55:25] [Client thread/INFO]: Created: 16x16 textures/blocks-atlas
[21:55:25] [Client thread/INFO]: Created: 16x16 textures/items-atlas
[21:55:26] [Client thread/INFO]: Reloading ResourceManager: Default, FMLFileResourcePack:Forge Mod Loader, FMLFileResourcePack:Minecraft Forge, FMLFileResourcePack:ArmorStatusHUD, FMLFileResourcePack:bspkrsCore, FMLFileResourcePack:DirectionHUD, FMLFileResourcePack:StatusEffectHUD, FMLFileResourcePack:ToggleSneak, ddd
[21:55:27] [Client thread/INFO]: Created: 1024x512 textures/blocks-atlas
[21:55:27] [Client thread/INFO]: Created: 256x256 textures/items-atlas
[21:55:28] [Sound Library Loader/INFO]: Sound engine started
[21:55:34] [Client thread/INFO]: Connecting to na.badlion.net, 25565
[21:55:35] [Client thread/INFO]: [CHAT]        
[21:55:35] [Client thread/INFO]: [CHAT]        
[21:55:35] [Client thread/INFO]: [CHAT] -------News and Events-------
[21:55:35] [Client thread/INFO]: [CHAT] - Pets and Particles are now available on the network!
[21:55:35] [Client thread/INFO]: [CHAT] - ArenaPvP EU 2 is now live
[21:55:35] [Client thread/INFO]: [CHAT] - Register for the website in-game using /register [email]
[21:55:35] [Client thread/INFO]: [CHAT] A new §eOptiFine§f version is available: §eHD Ultra D1§f
[21:55:40] [Client thread/INFO]: [CHAT] Connecting...
[21:55:40] [Client thread/INFO]: [CHAT] You haven't voted today! Vote daily to hide these messages and earn extra ranked matches!
[21:55:42] [Client thread/INFO]: [CHAT] Your data has not loaded yet, please try again in a few seconds.
[21:55:42] [Client thread/INFO]: [CHAT] Your data has not loaded yet, please try again in a few seconds.
[21:55:43] [Client thread/INFO]: [CHAT] [D]ThisIsMiller: gg
[21:55:43] [Client thread/INFO]: [CHAT] Your data has not loaded yet, please try again in a few seconds.
[21:55:45] [Client thread/INFO]: [CHAT] Added to Unranked Matchmaking
[21:55:45] [Client thread/INFO]: [CHAT] No kit found, loading default SG kit
[21:55:45] [Client thread/INFO]: [CHAT] Now in match against xSugarCoatedHoe with kit SG
[21:55:46] [Client thread/INFO]: [CHAT] [D]Moontid3: gg
[21:55:46] [Client thread/INFO]: [CHAT] ExtremeTerk: say 123 to party
[21:55:49] [Client thread/INFO]: [CHAT] ExtremeTerk: say 123 to party
[21:55:50] [Client thread/INFO]: [CHAT] PvP_Huahwi: gg
[21:55:51] [Client thread/INFO]: [CHAT] _Aurelion_Sol: 123
[21:55:51] [Client thread/INFO]: [CHAT] [D+]ImOldSo: iTsDenis i rekt. your team
[21:55:53] [Client thread/INFO]: [CHAT] MOF300GANG: I didn't eat gapple
[21:55:58] [Client thread/INFO]: [CHAT] vincenzofilippo: .DUEL VaxlRS11
[21:55:59] [Client thread/INFO]: [CHAT] DeerzUnite: Fucks sakd
[21:56:01] [Client thread/INFO]: [CHAT] DantehLearnerJr: VIVA KOHI.US :D
[21:56:02] [Client thread/INFO]: [CHAT] [D]TeamMystic: LOL
[21:56:03] [Client thread/INFO]: [CHAT] resninja: gf
[21:56:03] [Client thread/INFO]: [CHAT] _Aurelion_Sol: #fdd
[21:56:04] [Client thread/INFO]: [CHAT] PsychoZipzYT: hhaxx
[21:56:05] [Client thread/INFO]: [CHAT] Killed by xSugarCoatedHoe (2.0 ?)
[21:56:06] [Client thread/INFO]: [CHAT] §9Please rate this map by clicking: §2[5] §a[4] §e[3] §c[2] §4[1]
[21:56:07] [Client thread/INFO]: [CHAT] [D]SuperSkullYT: gg
[21:56:07] [Client thread/INFO]: [CHAT] vincenzofilippo: .duel VaxlRS11
[21:56:07] [Client thread/INFO]: [CHAT] [D]SilentRacer: gg4
[21:56:09] [Client thread/INFO]: [CHAT] [D+]ImOldSo: lol
[21:56:09] [Client thread/INFO]: [CHAT] Added to Unranked Matchmaking
[21:56:10] [Client thread/INFO]: [CHAT] ElectricalOrange: screenie!!!!!!
[21:56:11] [Client thread/INFO]: [CHAT] No kit found, loading default IronBuildUHC kit
[21:56:11] [Client thread/INFO]: [CHAT] WARNING: If you sky base camp you will receive a punishment (ArenaPvP Rule 6).
[21:56:11] [Client thread/INFO]: [CHAT] Now in match against CorpsGraphics with kit IronBuildUHC
[21:56:12] [Client thread/INFO]: [CHAT] renerosero98: gg en
[21:56:15] [Client thread/INFO]: [CHAT] myass: ranked kohi
[21:56:23] [Client thread/INFO]: [CHAT] DarkcloneV: gg
[21:56:24] [Client thread/INFO]: [CHAT] SPQNGEBQB: LOL
[21:56:25] [Client thread/INFO]: [CHAT] NightStarMc: that aura
[21:56:29] [Client thread/INFO]: [CHAT] PsychoZipzYT: gg
[21:56:30] [Client thread/INFO]: [CHAT] xMystiq: Duel me build
[21:56:32] [Client thread/INFO]: [CHAT] DantehLearnerJr: VIVA KOHI.US :D
[21:56:33] [Client thread/INFO]: [CHAT] DarkcloneV: gg
[21:56:36] [Client thread/INFO]: [CHAT] [D]SuperSkullYT: gg iTsDenis
[21:56:36] [Client thread/INFO]: [CHAT] iiKenynJustTaco: wtf
[21:56:37] [Client thread/INFO]: [CHAT] HarryPotter127: hey
[21:56:41] [Client thread/INFO]: [CHAT] Beautitful: im so laggy on this
[21:56:43] [Client thread/INFO]: [CHAT] ElectricalOrange: screenie!!!!!!
[21:56:45] [Client thread/INFO]: [CHAT] miketb4: 2v2 ranked no debuff!!!!!!!!!!!
[21:56:45] [Client thread/INFO]: [CHAT] [D]Rezaro: 3v3 RANKED BUILD UHC
[21:56:45] [Client thread/INFO]: [CHAT] [D]SuperSkullYT: iTsDenis gl
[21:56:48] [Client thread/INFO]: [CHAT] Masha96: RANKED NODEBUFF 2v2!
[21:56:48] [Client thread/INFO]: [CHAT] BlueShadez: 3v3 Ranked BUILD UHC!
[21:56:50] [Client thread/INFO]: [CHAT] ElsHearts: ranked sg
[21:56:50] [Client thread/INFO]: [CHAT] IbrahimPvpz: LOL
[21:56:54] [Client thread/INFO]: [CHAT] miketb4: 2v2 ranked no debuff!!!!!!!!!!!
[21:56:57] [Client thread/INFO]: [CHAT] miketb4: 2v2 ranked no debuff!!!!!!!!!!!
[21:57:00] [Client thread/INFO]: [CHAT] Killed by CorpsGraphics (4.5 ?)
[21:57:01] [Client thread/INFO]: [CHAT] §9Please rate this map by clicking: §2[5] §a[4] §e[3] §c[2] §4[1]
[21:57:03] [Client thread/INFO]: [CHAT] [Famous]iTsDenis: 3V3 SKYWARS
[21:57:03] [Client thread/INFO]: [CHAT] UnknownRemorse: jajajajajjaj0sdp{asnjmdpoasnñd{pa
[21:57:04] [Client thread/INFO]: [CHAT] Added to Unranked Matchmaking
[21:57:05] [Client thread/INFO]: [CHAT] No kit found, loading default IronBuildUHC kit
[21:57:05] [Client thread/INFO]: [CHAT] WARNING: If you sky base camp you will receive a punishment (ArenaPvP Rule 6).
[21:57:05] [Client thread/INFO]: [CHAT] Now in match against bluebandit122 with kit IronBuildUHC
[21:57:07] [Client thread/INFO]: [CHAT] meatpotatos: gf
[21:57:10] [Client thread/INFO]: [CHAT] [D+]Kenboh: 1v1
[21:57:10] [Client thread/INFO]: [CHAT] oGap: GG
[21:57:10] [Client thread/INFO]: [CHAT] ElectricalOrange: screenie!!!!!!
[21:57:13] [Client thread/INFO]: [CHAT] [D]Rezaro: iTsDenis JOIN IT
[21:57:14] [Client thread/INFO]: [CHAT] [D+]Kenboh: duek
[21:57:15] [Client thread/INFO]: [CHAT] [D]Skylur: ayyy
[21:57:17] [Client thread/INFO]: [CHAT] DantehLearnerJr: VIVA KOHI.US :D
[21:57:19] [Client thread/INFO]: [CHAT] [D]ThisIsMiller: gg'\
[21:57:20] [Client thread/INFO]: [CHAT] FusionX_PvP: somone duel me warming up
[21:57:21] [Client thread/INFO]: [CHAT] bluebandit122 is now at 9.0 ?
[21:57:23] [Client thread/INFO]: [CHAT] [D]Rezaro: the qeue
[21:57:23] [Client thread/INFO]: [CHAT] [TIP] Show your love for the server by donating at www.badlion.net and receive donator perks as a token of our gratitude.
[21:57:23] [Client thread/INFO]: [CHAT] ByRocket456_PvP: gg+
[21:57:23] [Client thread/INFO]: [CHAT] bluebandit122 left the match.
[21:57:23] [Client thread/INFO]: [CHAT] Opponent quit. You win by default.
[21:57:23] [Client thread/INFO]: [CHAT] Your game mode has been updated
[21:57:24] [Client thread/INFO]: [CHAT] §9Please rate this map by clicking: §2[5] §a[4] §e[3] §c[2] §4[1]
[21:57:25] [Client thread/INFO]: [CHAT] Your game mode has been updated
[21:57:27] [Client thread/INFO]: [CHAT] Added to Unranked Matchmaking
[21:57:27] [Client thread/INFO]: [CHAT] No kit found, loading default IronBuildUHC kit
[21:57:27] [Client thread/INFO]: [CHAT] WARNING: If you sky base camp you will receive a punishment (ArenaPvP Rule 6).
[21:57:27] [Client thread/INFO]: [CHAT] Now in match against Emminess with kit IronBuildUHC
[21:57:28] [Client thread/INFO]: [CHAT] FusionX_PvP: somone duel me warming up
[21:57:29] [Client thread/INFO]: [CHAT] Remymeow: gg
[21:57:31] [Client thread/INFO]: [CHAT] [D]Bilk: DantehLearnerJr advertising ooo
[21:57:31] [Client thread/INFO]: [CHAT] WbJup: ffa
[21:57:33] [Client thread/INFO]: [CHAT] FusionX_PvP: somone duel me warming up
[21:57:34] [Client thread/INFO]: [CHAT] Terms_of_Service: I AM THE GOD OF THE INTERNET.
[21:57:34] [Client thread/INFO]: [CHAT] xSpecialNeed: gg
[21:57:36] [Client thread/INFO]: [CHAT] FusionX_PvP: somone duel me warming up
[21:57:38] [Client thread/INFO]: [CHAT] [TDM] Vote ended! Restarting in 15 seconds with kit UHC. Join now!
[21:57:40] [Client thread/INFO]: [CHAT] Nivlen: party join 123
[21:57:43] [Client thread/INFO]: [CHAT] Nivlen: quien quiera party diga 123
[21:57:46] [Client thread/INFO]: [CHAT] FusionX_PvP: 123
[21:57:48] [Client thread/INFO]: [CHAT] DeathIsOp: gg
[21:57:50] [Client thread/INFO]: [CHAT] SlimeCityCreator: OMFG THERE IS A SPIDER SEND HELP
[21:57:51] [Client thread/INFO]: [CHAT] Remymeow: gg
[21:57:53] [Client thread/INFO]: [CHAT] FusionX_PvP: hang on
[21:57:54] [Client thread/INFO]: [CHAT] renerosero98: gg
[21:57:54] [Client thread/INFO]: [CHAT] SlimeCityCreator: IT IS SO BIG
[21:57:55] [Client thread/INFO]: [CHAT] FrKo: sticks
[21:57:58] [Client thread/INFO]: [CHAT] Nivlen: quien quiera party diga 123
[21:58:00] [Client thread/INFO]: [CHAT] JoacoYT: NOTHING
[21:58:00] [Client thread/INFO]: [CHAT] xAir_: gg
[21:58:01] [Client thread/INFO]: [CHAT] TiqerX: can i join a party
[21:58:04] [Client thread/INFO]: [CHAT] Nivlen: party join 123
[21:58:06] [Client thread/INFO]: [CHAT] ByItaloYT: si
[21:58:07] [Client thread/INFO]: [CHAT] [D]GabPhilNath2001: HALp
[21:58:08] [Client thread/INFO]: [CHAT] ElectricalOrange: .pc lets get screenie
[21:58:09] [Client thread/INFO]: [CHAT] TiqerX: 123
[21:58:09] [Client thread/INFO]: [CHAT] JoacoYT: follow me
[21:58:11] [Client thread/INFO]: [CHAT] ByItaloYT: #xd
[21:58:14] [Client thread/INFO]: [CHAT] sml1222: _AirCrush_ lager
[21:58:14] [Client thread/INFO]: [CHAT] ImBrunoPvP: XD
[21:58:15] [Client thread/INFO]: [CHAT] PetaOne: gg
[21:58:15] [Client thread/INFO]: [CHAT] JoacoYT: follow me
[21:58:19] [Client thread/INFO]: [CHAT] julianYTGamer: g
[21:58:19] [Client thread/INFO]: [CHAT] [D]Skylur: jesus ping master 420 over here
[21:58:22] [Client thread/INFO]: [CHAT] [D+]UnluckyEmerald: lol
[21:58:22] [Client thread/INFO]: [CHAT] Him_DAVAgaming: DUEL ME BUILD UHC
[21:58:22] [Client thread/INFO]: [CHAT] JekzahYT: JOIn 2v2 RANKED SG, WE CANNOT BE BEAT
[21:58:23] [Client thread/INFO]: [CHAT] [D]Skylur: gf bro
[21:58:23] [Client thread/INFO]: [CHAT] Posackex: and good v¿pvp
[21:58:23] [Client thread/INFO]: [CHAT] Itz_SlayerMC: im getting 2v1 and these guys are building shit
[21:58:23] [Client thread/INFO]: [CHAT] [D]SilentRacer: if you're gonna fight me when you're ghosting every 5 seconds, im gonna HAVE to ghost kill you
[21:58:26] [Client thread/INFO]: [CHAT] [D]Skylur: 0ms warrior
[21:58:29] [Client thread/INFO]: [CHAT] Blooooo: PugPlqys invite
[21:58:31] [Client thread/INFO]: [CHAT] [D]GabPhilNath2001: Omg
[21:58:32] [Client thread/INFO]: [CHAT] SlimeCityCreator: OMG OMG OMG OMG SPIDER SPIDER SO BIG AND BLACK (that sounded wierdc but whatevs)
[21:58:33] [Client thread/INFO]: [CHAT] [D]Gemasuto: ghost killing.
[21:58:37] [Client thread/INFO]: [CHAT] Emminess is now at 6.0 ?
[21:58:38] [Client thread/INFO]: [CHAT] ElsHearts: gg
[21:58:40] [Client thread/INFO]: [CHAT] Davante: party me
[21:58:40] [Client thread/INFO]: [CHAT] xSpoder: START A UHC MEETUP PL0X
[21:58:42] [Client thread/INFO]: [CHAT] DantehLearnerJr: VIVA KOHI.US :D
[21:58:42] [Client thread/INFO]: [CHAT] TiqerX: 123
[21:58:44] [Client thread/INFO]: [CHAT] Emminess is now at 8.0 ?
[21:58:45] [Client thread/INFO]: [CHAT] Him_DAVAgaming: DUEL ME BUILD UHC
[21:58:46] [Client thread/INFO]: [CHAT] Chetan: na1
[21:58:47] [Client thread/INFO]: [CHAT] SlimeCityCreator: My chair is literally a foot away from my pc
[21:58:48] [Client thread/INFO]: [CHAT] JoacoYT: kill 400 :D
[21:58:53] [Client thread/INFO]: [CHAT] [Famous]iTsDenis: CYA
[21:58:54] [Client thread/INFO]: [CHAT] FusionX_PvP: gg
[21:58:54] [Client thread/INFO]: [CHAT] [Famous]iTsDenis: 3V3 SKYWARS
[21:58:59] [Client thread/INFO]: [CHAT] DeathIsOp: gg
[21:58:59] [Client thread/INFO]: [CHAT] [D]Pseudocuebo: pls dont camp
[21:59:00] [Client thread/INFO]: [CHAT] [D]ThisIsMiller: yo
[21:59:00] [Client thread/INFO]: [CHAT] [Tourn]walkerdood: 3v3 skywars
[21:59:01] [Client thread/INFO]: [CHAT] [D]SilentRacer: 3v3 BuilduhC
[21:59:01] [Client thread/INFO]: [CHAT] FusionX_PvP: and invite me to a party
[21:59:02] [Client thread/INFO]: [CHAT] LjutiNachos: walkingmeme reported
[21:59:02] [Client thread/INFO]: [CHAT] Emminess is now at 9.5 ?
[21:59:05] [Client thread/INFO]: [CHAT] DantehLearnerJr: VIVA KOHI.US :D
[21:59:08] [Client thread/INFO]: [CHAT] [Lion]Haleyybug: Say 123 for party fights!~!~!~!~!~!~!~!~!~!~!~!~!~!~!~!!~!~!~~!
[21:59:09] [Client thread/INFO]: [CHAT] [D]Skylur: wut
[21:59:09] [Client thread/INFO]: [CHAT] Terms_of_Service: I AM THE GOD OF THE INTERNET.
[21:59:10] [Client thread/INFO]: [CHAT] LjutiNachos: that reach fucktard
[21:59:12] [Client thread/INFO]: [CHAT] [D]Skylur: rn u fuckin serious lmao
[21:59:13] [Client thread/INFO]: [CHAT] [D]Pseudocuebo: pls dont camp
[21:59:15] [Client thread/INFO]: [CHAT] SpankMeDqddy: PandaMoonbeam
[21:59:16] [Client thread/INFO]: [CHAT] AMFM14: the lag
[21:59:16] [Client thread/INFO]: [CHAT] TiqerX: can i join a party
[21:59:17] [Client thread/INFO]: [CHAT] [Mod]PandaMoonbeam: ?
[21:59:19] [Client thread/INFO]: [CHAT] Shawnnn13: ~DUEL ME BUILD UHC!~
[21:59:19] [Client thread/INFO]: [CHAT] DeathIsOp: is it me or is my hand freezing?
[21:59:19] [Client thread/INFO]: [CHAT] [D]Skylur: i hit u more times. so dumb gf
[21:59:19] [Client thread/INFO]: [CHAT] SlimeCityCreator: omg omg omg its on my table i'm taking my keyboard away from the desk omg omg
[21:59:20] [Client thread/INFO]: [CHAT] [D]Pudh: PandaMoonbeam host a uhc
[21:59:21] [Client thread/INFO]: [CHAT] oGap: PandaMoonbeam
[21:59:22] [Client thread/INFO]: [CHAT] SpankMeDqddy: TP TO ME
[21:59:22] [Client thread/INFO]: [CHAT] [TIP] Please do not hackusate in chat, use /report
[21:59:24] [Client thread/INFO]: [CHAT] Emminess is now at 8.0 ?
[21:59:25] [Client thread/INFO]: [CHAT] Hqley: SAY 123 for EpiC party SPliTS/FFA/RR (RECORDING)
[21:59:28] [Client thread/INFO]: [CHAT] [Mod]PandaMoonbeam: Nah. Too tired to host.
[21:59:29] [Client thread/INFO]: [CHAT] SlimeCityCreator: SPIDEr
[21:59:30] [Client thread/INFO]: [CHAT] TiqerX: 123
[21:59:31] [Client thread/INFO]: [CHAT] SpankMeDqddy: TP TO ME HAXOR PLEASE
[21:59:33] [Client thread/INFO]: [CHAT] DeathIsOp: Is it me or is my hand freezing???????????????
[21:59:33] [Client thread/INFO]: [CHAT] Rinksy: D:
[21:59:35] [Client thread/INFO]: [CHAT] [D]Pudh: please host one please
[21:59:35] [Client thread/INFO]: [CHAT] Hqley: SAY 123 for EpiC party SPliTS/FFA/RR (RECORDING)
[21:59:37] [Client thread/INFO]: [CHAT] walkingmeme: .
[21:59:38] [Client thread/INFO]: [CHAT] ElGranMacaco: OnlyJessika
[21:59:38] [Client thread/INFO]: [CHAT] [Famous]iTsDenis: 3V3 SKYWARS
[21:59:39] [Client thread/INFO]: [CHAT] [D]Demmert: gg
[21:59:39] [Client thread/INFO]: [CHAT] [Tourn]walkerdood: 3v3 skywars
[21:59:40] [Client thread/INFO]: [CHAT] [Mod]PandaMoonbeam: Tomorrow.
[21:59:43] [Client thread/INFO]: [CHAT] Hqley: SAY 123 for EpiC party SPliTS/FFA/RR (RECORDING)
[21:59:45] [Client thread/INFO]: [CHAT] TiqerX: 123
[21:59:45] [Client thread/INFO]: [CHAT] Ryankoo1: gf
[21:59:46] [Client thread/INFO]: [CHAT] ProfessorCyclo: MODS
[21:59:47] [Client thread/INFO]: [CHAT] [Alert] Interested in becoming a mod on ArenaPvP? Apply today https://www.badlion.net/wiki/staff-applications
[21:59:51] [Client thread/INFO]: [CHAT] [Mod]PandaMoonbeam: ?
[21:59:53] [Client thread/INFO]: [CHAT] [D]miraclehoe: behind you
[21:59:53] [Client thread/INFO]: [CHAT] [D]Pudh: no please in 1 hour 30 mins please i beg you i really want to play
[22:00:04] [Client thread/INFO]: [CHAT] Extun: ;v
[22:00:06] [Client thread/INFO]: [CHAT] DeathIsOp: MungClient LOL
[22:00:06] [Client thread/INFO]: [CHAT] [D]Skylur: omg
[22:00:09] [Client thread/INFO]: [CHAT] DeathIsOp: SPEC HIM
[22:00:09] [Client thread/INFO]: [CHAT] SpankMeDqddy: TP TO ME HAXOR PLEASE
[22:00:09] [Client thread/INFO]: [CHAT] [D]Skylur: really
[22:00:10] [Client thread/INFO]: [CHAT] MungClient: ?
[22:00:10] [Client thread/INFO]: [CHAT] JoacoYT: lolxd
[22:00:10] [Client thread/INFO]: [CHAT] julianYTGamer: wtf
[22:00:10] [Client thread/INFO]: [CHAT] miketb4: 2V2 RANKED NO DEBUFF!!!!!!!!!!
[22:00:12] [Client thread/INFO]: [CHAT] Jordash11: party duel me archer
[22:00:13] [Client thread/INFO]: [CHAT] [D]Pudh: no please in 1 hour 30 mins please i beg you i really want to play can you host
[22:00:15] [Client thread/INFO]: [CHAT] Itz_SlayerMC: not me
[22:00:16] [Client thread/INFO]: [CHAT] ProfessorCyclo: MODS
[22:00:16] [Client thread/INFO]: [CHAT] [D+]Coula: JOIN NODEBUFF
[22:00:17] [Client thread/INFO]: [CHAT] CraftTheKickboy: bye
[22:00:19] [Client thread/INFO]: [CHAT] Him_DAVAgaming: DUEL ME BUILD UHC
[22:00:22] [Client thread/INFO]: [CHAT] Incisions: NODEbuff
[22:00:22] [Client thread/INFO]: [CHAT] _Cozzeh_: HAHAHAHHAHAHAHA LOOOOOL BIGGEST COMBO EVER
[22:00:25] [Client thread/INFO]: [CHAT] DeerzUnite: Duel me Build Please :D
[22:00:27] [Client thread/INFO]: [CHAT] _AirCrush_: TY
[22:00:29] [Client thread/INFO]: [CHAT] ElsHearts: gg
[22:00:29] [Client thread/INFO]: [CHAT] SpankMeDqddy: TP TO ME HAXOR PLEASE
[22:00:31] [Client thread/INFO]: [CHAT] DeerzUnite: Duel me Build Please :D
[22:00:33] [Client thread/INFO]: [CHAT] Nivlen: quien quiera party diga 123
[22:00:33] [Client thread/INFO]: [CHAT] miketb4: 2V2 RANKED NO DEBUFF!!!!!!!!!!
[22:00:34] [Client thread/INFO]: [CHAT] ManuGuys_Pro: haaaaaaqaackeeeeeeeeeeeeeeeeet
[22:00:35] [Client thread/INFO]: [CHAT] ItzVishalYT: .
[22:00:36] [Client thread/INFO]: [CHAT] Nivlen: party join 123
[22:00:37] [Client thread/INFO]: [CHAT] miketb4: 2V2 RANKED NO DEBUFF!!!!!!!!!!
[22:00:37] [Client thread/INFO]: [CHAT] ManuGuys_Pro: que te maten
[22:00:38] [Client thread/INFO]: [CHAT] Remymeow: gg}
[22:00:41] [Client thread/INFO]: [CHAT] Masha96: 2V2 RANKED NODDEBUFF!!
[22:00:43] [Client thread/INFO]: [CHAT] ImBrunoPvP: quien party ??
[22:00:43] [Client thread/INFO]: [CHAT] miketb4: 2V2 RANKED NO DEBUFF!!!!!!!!!!
[22:00:44] [Client thread/INFO]: [CHAT] [D]Pseudocuebo: pls dont camp
[22:00:44] [Client thread/INFO]: [CHAT] Masha96: 2V2 RANKED NODDEBUFF!!
[22:00:45] [Client thread/INFO]: [CHAT] ImBrunoPvP: quien party ??
[22:00:47] [Client thread/INFO]: [CHAT] Killed by Emminess (3.5 ?)
[22:00:47] [Client thread/INFO]: [CHAT] ElsHearts: gg
[22:00:47] [Client thread/INFO]: [CHAT] Masha96: 2V2 RANKED NODDEBUFF!!
[22:00:47] [Client thread/INFO]: [CHAT] miketb4: 2V2 RANKED NO DEBUFF!!!!!!!!!!
[22:00:48] [Client thread/INFO]: [CHAT] §9Please rate this map by clicking: §2[5] §a[4] §e[3] §c[2] §4[1]
[22:00:52] [Client thread/INFO]: Connecting to na.badlion.net, 25565
[22:00:53] [Client thread/INFO]: [CHAT]        
[22:00:53] [Client thread/INFO]: [CHAT]        
[22:00:53] [Client thread/INFO]: [CHAT] -------News and Events-------
[22:00:53] [Client thread/INFO]: [CHAT] - Pets and Particles are now available on the network!
[22:00:53] [Client thread/INFO]: [CHAT] - ArenaPvP EU 2 is now live
[22:00:53] [Client thread/INFO]: [CHAT] - Register for the website in-game using /register [email]
[22:00:55] [Client thread/INFO]: Connecting to kohi.us, 25565
[22:00:57] [Client thread/INFO]: [CHAT]               
[22:01:03] [Client thread/INFO]: [CHAT] Sending you to Practice US 1...
[22:01:04] [Client thread/INFO]: [CHAT]               
[22:01:04] [Client thread/INFO]: [CHAT]                                      
[22:01:04] [Client thread/INFO]: [CHAT] 
[22:01:04] [Client thread/INFO]: [CHAT] 
[22:01:04] [Client thread/INFO]: [CHAT] 
[22:01:04] [Client thread/INFO]: [CHAT] 
[22:01:05] [Client thread/INFO]: [CHAT] ?Spifeyyy: some one duel me
[22:01:05] [Client thread/INFO]: [CHAT] whael: Sick yo
[22:01:10] [Client thread/INFO]: [CHAT] Added to the No Debuff queue, please wait for another player.
[22:01:11] [Client thread/INFO]: [CHAT] Starting duel against Nocturne
[22:01:12] [Client thread/INFO]: [CHAT] Giving you Default No Debuff kit
[22:01:13] [Client thread/INFO]: [CHAT] Starting in 5 seconds!
[22:01:13] [Client thread/INFO]: [CHAT] DJPatstar: arue hacks
[22:01:14] [Client thread/INFO]: [CHAT] Starting in 4 seconds!
[22:01:15] [Client thread/INFO]: [CHAT] Starting in 3 seconds!
[22:01:16] [Client thread/INFO]: [CHAT] Starting in 2 seconds!
[22:01:17] [Client thread/INFO]: [CHAT] Starting in 1 seconds!
[22:01:18] [Client thread/INFO]: [CHAT] Duel starting now!
[22:01:20] [Client thread/INFO]: [CHAT] ?Glory: ./duel glory
[22:01:22] [Client thread/INFO]: [CHAT] ?Spellfencer: fuck out my face boi
[22:01:30] [Client thread/INFO]: [CHAT] 69bp69 was slain by Nocturne
[22:01:30] [Client thread/INFO]: [CHAT] Winner: Nocturne
[22:01:30] [Client thread/INFO]: [CHAT] Inventories (click to view): 69bp69, Nocturne.
[22:01:31] [Client thread/INFO]: [CHAT] ?Glory: shit map
[22:01:31] [Client thread/INFO]: [CHAT] Zabler: asdf
[22:01:31] [Client thread/INFO]: [CHAT] TucumanoBasico: qui en team por skipe
[22:01:31] [Client thread/INFO]: [CHAT] ?MaahJong: Msg Strafing for RR
[22:01:32] [Client thread/INFO]: [CHAT] kevsdanger: ahh fk it
[22:01:32] [Client thread/INFO]: [CHAT] ?Glory: sick
[22:01:33] [Client thread/INFO]: Stopping!
